app/build/outputs/logs/manifest-merger-debug-report.txt
-- Merging decision tree log ---
manifest
ADDED from src\main\AndroidManifest.xml:2:1-365:12
INJECTED from src\main\AndroidManifest.xml:2:1-365:12
INJECTED from src\main\AndroidManifest.xml:2:1-365:12
INJECTED from src\main\AndroidManifest.xml:2:1-365:12
MERGED from [com.github.scottyab:showhidepasswordedittext:0.8] AndroidManifest.xml:2:1-14:12
MERGED from [cn.carbs.android:MDDialog:1.0.0] AndroidManifest.xml:2:1-17:12
MERGED from [rebus:bottom-dialog:0.0.5] AndroidManifest.xml:25:1-36:12
MERGED from [ua.com.crosp.solutions.library:presenter-layout:0.1.1] AndroidManifest.xml:2:1-17:12
MERGED from [com.ashokvarma.android:bottom-navigation-bar:1.3.0] AndroidManifest.xml:2:1-15:12
MERGED from [uk.co.chrisjenx:calligraphy:2.3.0] AndroidManifest.xml:2:1-13:12
MERGED from [com.android.support:design:24.2.1] AndroidManifest.xml:17:1-24:12
MERGED from [com.android.support:appcompat-v7:25.3.1] AndroidManifest.xml:17:1-31:12
MERGED from [com.baoyz.swipemenulistview:library:1.3.0] AndroidManifest.xml:2:1-11:12
MERGED from [com.github.chrisbanes:PhotoView:1.3.0] AndroidManifest.xml:2:1-12:12
MERGED from [com.google.android.gms:play-services-maps:10.2.0] AndroidManifest.xml:16:1-25:12
MERGED from [com.google.android.gms:play-services-gcm:10.2.0] AndroidManifest.xml:16:1-24:12
MERGED from [com.google.android.gms:play-services-auth:10.2.0] AndroidManifest.xml:16:1-26:12
MERGED from [com.google.firebase:firebase-messaging:10.2.0] AndroidManifest.xml:16:1-30:12
MERGED from [com.google.firebase:firebase-auth:10.2.0] AndroidManifest.xml:16:1-21:12
MERGED from [com.google.android.gms:play-services-location:10.2.0] AndroidManifest.xml:2:1-5:12
MERGED from [com.google.android.gms:play-services-iid:10.2.0] AndroidManifest.xml:16:1-24:12
MERGED from [com.google.android.gms:play-services-auth-base:10.2.0] AndroidManifest.xml:2:1-5:12
MERGED from [com.google.android.gms:play-services-base:10.2.0] AndroidManifest.xml:16:1-21:12
MERGED from [com.google.firebase:firebase-core:10.2.0] AndroidManifest.xml:2:1-6:12
MERGED from [com.google.firebase:firebase-analytics:10.2.0] AndroidManifest.xml:16:1-34:12
MERGED from [com.google.firebase:firebase-analytics-impl:10.2.0] AndroidManifest.xml:16:1-29:12
MERGED from [com.google.firebase:firebase-iid:10.2.0] AndroidManifest.xml:16:1-51:12
MERGED from [com.google.firebase:firebase-common:10.2.0] AndroidManifest.xml:2:1-8:12
MERGED from [com.google.android.gms:play-services-tasks:10.2.0] AndroidManifest.xml:2:1-5:12
MERGED from [com.google.android.gms:play-services-basement:10.2.0] AndroidManifest.xml:16:1-23:12
MERGED from [com.joanzapata.iconify:android-iconify-fontawesome:2.2.2] AndroidManifest.xml:2:1-8:12
MERGED from [com.joanzapata.iconify:android-iconify:2.2.2] AndroidManifest.xml:2:1-8:12
MERGED from [com.android.support:support-v4:25.3.1] AndroidManifest.xml:17:1-31:12
MERGED from [com.android.support:cardview-v7:24.2.1] AndroidManifest.xml:17:1-24:12
MERGED from [de.hdodenhof:circleimageview:2.1.0] AndroidManifest.xml:2:1-11:12
MERGED from [com.github.gcacace:signature-pad:1.2.0] AndroidManifest.xml:2:1-13:12
MERGED from [com.github.d-max:spots-dialog:0.4] AndroidManifest.xml:2:1-14:12
MERGED from [com.android.support:multidex:1.0.1] AndroidManifest.xml:16:1-19:12
MERGED from [com.google.maps.android:android-maps-utils:0.4.4] AndroidManifest.xml:2:1-13:12
MERGED from [com.android.support.constraint:constraint-layout:1.0.2] AndroidManifest.xml:2:1-11:12
MERGED from [com.android.support:animated-vector-drawable:25.3.1] AndroidManifest.xml:17:1-28:12
MERGED from [com.android.support:support-vector-drawable:25.3.1] AndroidManifest.xml:17:1-28:12
MERGED from [com.android.support:recyclerview-v7:24.2.1] AndroidManifest.xml:17:1-22:12
MERGED from [com.android.support:support-fragment:25.3.1] AndroidManifest.xml:17:1-31:12
MERGED from [com.android.support:support-media-compat:25.3.1] AndroidManifest.xml:17:1-31:12
MERGED from [com.android.support:support-core-utils:25.3.1] AndroidManifest.xml:17:1-31:12
MERGED from [com.android.support:support-core-ui:25.3.1] AndroidManifest.xml:17:1-31:12
MERGED from [com.android.support:support-compat:25.3.1] AndroidManifest.xml:17:1-31:12
INJECTED from src\main\AndroidManifest.xml:2:1-365:12
INJECTED from src\main\AndroidManifest.xml:2:1-365:12
INJECTED from src\main\AndroidManifest.xml:2:1-365:12
	package
		ADDED from src\main\AndroidManifest.xml:3:5-45
		INJECTED from src\main\AndroidManifest.xml
		INJECTED from src\main\AndroidManifest.xml
	android:versionName
		INJECTED from src\main\AndroidManifest.xml
		ADDED from src\main\AndroidManifest.xml:2:1-365:12
		INJECTED from src\main\AndroidManifest.xml
	android:versionCode
		INJECTED from src\main\AndroidManifest.xml
		ADDED from src\main\AndroidManifest.xml:2:1-365:12
		INJECTED from src\main\AndroidManifest.xml
	xmlns:android
		ADDED from src\main\AndroidManifest.xml:2:11-69
uses-permission#android.permission.INTERNET
ADDED from src\main\AndroidManifest.xml:5:5-67
MERGED from [com.google.android.gms:play-services-maps:10.2.0] AndroidManifest.xml:20:5-66
MERGED from [com.google.android.gms:play-services-maps:10.2.0] AndroidManifest.xml:20:5-66
MERGED from [com.google.android.gms:play-services-gcm:10.2.0] AndroidManifest.xml:21:5-66
MERGED from [com.google.android.gms:play-services-gcm:10.2.0] AndroidManifest.xml:21:5-66
MERGED from [com.google.android.gms:play-services-iid:10.2.0] AndroidManifest.xml:21:5-66
MERGED from [com.google.android.gms:play-services-iid:10.2.0] AndroidManifest.xml:21:5-66
MERGED from [com.google.firebase:firebase-analytics:10.2.0] AndroidManifest.xml:20:5-66
MERGED from [com.google.firebase:firebase-analytics:10.2.0] AndroidManifest.xml:20:5-66
MERGED from [com.google.firebase:firebase-analytics-impl:10.2.0] AndroidManifest.xml:20:5-66
MERGED from [com.google.firebase:firebase-analytics-impl:10.2.0] AndroidManifest.xml:20:5-66
MERGED from [com.google.firebase:firebase-iid:10.2.0] AndroidManifest.xml:20:5-66
MERGED from [com.google.firebase:firebase-iid:10.2.0] AndroidManifest.xml:20:5-66
	android:name
		ADDED from src\main\AndroidManifest.xml:5:22-64
uses-permission#android.permission.CALL_PHONE
ADDED from src\main\AndroidManifest.xml:6:5-69
	android:name
		ADDED from src\main\AndroidManifest.xml:6:22-66
uses-permission#android.permission.READ_EXTERNAL_STORAGE
ADDED from src\main\AndroidManifest.xml:7:5-80
	android:name
		ADDED from src\main\AndroidManifest.xml:7:22-77
uses-permission#android.permission.WRITE_EXTERNAL_STORAGE
ADDED from src\main\AndroidManifest.xml:8:5-81
	android:name
		ADDED from src\main\AndroidManifest.xml:8:22-78
uses-permission#android.permission.ACCESS_NETWORK_STATE
ADDED from src\main\AndroidManifest.xml:9:5-79
MERGED from [com.google.android.gms:play-services-maps:10.2.0] AndroidManifest.xml:19:5-78
MERGED from [com.google.android.gms:play-services-maps:10.2.0] AndroidManifest.xml:19:5-78
MERGED from [com.google.firebase:firebase-analytics:10.2.0] AndroidManifest.xml:21:5-78
MERGED from [com.google.firebase:firebase-analytics:10.2.0] AndroidManifest.xml:21:5-78
MERGED from [com.google.firebase:firebase-analytics-impl:10.2.0] AndroidManifest.xml:21:5-78
MERGED from [com.google.firebase:firebase-analytics-impl:10.2.0] AndroidManifest.xml:21:5-78
MERGED from [com.google.firebase:firebase-iid:10.2.0] AndroidManifest.xml:19:5-78
MERGED from [com.google.firebase:firebase-iid:10.2.0] AndroidManifest.xml:19:5-78
	android:name
		ADDED from src\main\AndroidManifest.xml:9:22-76
uses-permission#android.permission.WRITE_SETTINGS
ADDED from src\main\AndroidManifest.xml:10:5-73
	android:name
		ADDED from src\main\AndroidManifest.xml:10:22-70
uses-permission#android.permission.WRITE_SECURE_SETTINGS
ADDED from src\main\AndroidManifest.xml:11:5-80
	android:name
		ADDED from src\main\AndroidManifest.xml:11:22-77
uses-permission#android.permission.ACCESS_FINE_LOCATION
ADDED from src\main\AndroidManifest.xml:12:5-79
	android:name
		ADDED from src\main\AndroidManifest.xml:12:22-76
uses-permission#android.permission.ACCESS_COARSE_LOCATION
ADDED from src\main\AndroidManifest.xml:13:5-81
	android:name
		ADDED from src\main\AndroidManifest.xml:13:22-78
uses-permission#android.permission.WAKE_LOCK
ADDED from src\main\AndroidManifest.xml:14:5-68
MERGED from [com.google.firebase:firebase-analytics:10.2.0] AndroidManifest.xml:22:5-67
MERGED from [com.google.firebase:firebase-analytics:10.2.0] AndroidManifest.xml:22:5-67
MERGED from [com.google.firebase:firebase-analytics-impl:10.2.0] AndroidManifest.xml:22:5-67
MERGED from [com.google.firebase:firebase-analytics-impl:10.2.0] AndroidManifest.xml:22:5-67
MERGED from [com.google.firebase:firebase-iid:10.2.0] AndroidManifest.xml:21:5-67
MERGED from [com.google.firebase:firebase-iid:10.2.0] AndroidManifest.xml:21:5-67
	android:name
		ADDED from src\main\AndroidManifest.xml:14:22-65
uses-permission#com.google.android.c2dm.permission.RECEIVE
ADDED from src\main\AndroidManifest.xml:15:5-82
MERGED from [com.google.android.gms:play-services-gcm:10.2.0] AndroidManifest.xml:20:5-81
MERGED from [com.google.android.gms:play-services-gcm:10.2.0] AndroidManifest.xml:20:5-81
MERGED from [com.google.android.gms:play-services-iid:10.2.0] AndroidManifest.xml:20:5-81
MERGED from [com.google.android.gms:play-services-iid:10.2.0] AndroidManifest.xml:20:5-81
MERGED from [com.google.firebase:firebase-iid:10.2.0] AndroidManifest.xml:22:5-81
MERGED from [com.google.firebase:firebase-iid:10.2.0] AndroidManifest.xml:22:5-81
	android:name
		ADDED from src\main\AndroidManifest.xml:15:22-79
uses-feature#android.hardware.camera
ADDED from src\main\AndroidManifest.xml:17:5-60
	android:name
		ADDED from src\main\AndroidManifest.xml:17:19-57
permission#com.mtaj.mtaj_08.cableplus_new.permission.C2D_MESSAGE
ADDED from src\main\AndroidManifest.xml:19:5-21:47
MERGED from [com.google.firebase:firebase-iid:10.2.0] AndroidManifest.xml:24:5-109
	android:protectionLevel
		ADDED from src\main\AndroidManifest.xml:21:9-44
	android:name
		ADDED from src\main\AndroidManifest.xml:20:9-77
uses-permission#com.mtaj.mtaj_08.cableplus.permission.C2D_MESSAGE
ADDED from src\main\AndroidManifest.xml:23:5-89
	android:name
		ADDED from src\main\AndroidManifest.xml:23:22-86
application
ADDED from src\main\AndroidManifest.xml:25:5-363:19
MERGED from [com.github.scottyab:showhidepasswordedittext:0.8] AndroidManifest.xml:11:5-12:19
MERGED from [com.github.scottyab:showhidepasswordedittext:0.8] AndroidManifest.xml:11:5-12:19
MERGED from [cn.carbs.android:MDDialog:1.0.0] AndroidManifest.xml:11:5-15:19
MERGED from [cn.carbs.android:MDDialog:1.0.0] AndroidManifest.xml:11:5-15:19
MERGED from [rebus:bottom-dialog:0.0.5] AndroidManifest.xml:34:5-53
MERGED from [rebus:bottom-dialog:0.0.5] AndroidManifest.xml:34:5-53
MERGED from [ua.com.crosp.solutions.library:presenter-layout:0.1.1] AndroidManifest.xml:11:5-15:19
MERGED from [ua.com.crosp.solutions.library:presenter-layout:0.1.1] AndroidManifest.xml:11:5-15:19
MERGED from [com.ashokvarma.android:bottom-navigation-bar:1.3.0] AndroidManifest.xml:11:5-13:38
MERGED from [com.ashokvarma.android:bottom-navigation-bar:1.3.0] AndroidManifest.xml:11:5-13:38
MERGED from [uk.co.chrisjenx:calligraphy:2.3.0] AndroidManifest.xml:11:5-20
MERGED from [uk.co.chrisjenx:calligraphy:2.3.0] AndroidManifest.xml:11:5-20
MERGED from [com.android.support:design:24.2.1] AndroidManifest.xml:22:5-20
MERGED from [com.android.support:design:24.2.1] AndroidManifest.xml:22:5-20
MERGED from [com.android.support:appcompat-v7:25.3.1] AndroidManifest.xml:29:5-20
MERGED from [com.android.support:appcompat-v7:25.3.1] AndroidManifest.xml:29:5-20
MERGED from [com.google.android.gms:play-services-maps:10.2.0] AndroidManifest.xml:24:5-19
MERGED from [com.google.android.gms:play-services-maps:10.2.0] AndroidManifest.xml:24:5-19
MERGED from [com.google.android.gms:play-services-gcm:10.2.0] AndroidManifest.xml:23:5-19
MERGED from [com.google.android.gms:play-services-gcm:10.2.0] AndroidManifest.xml:23:5-19
MERGED from [com.google.android.gms:play-services-auth:10.2.0] AndroidManifest.xml:19:5-25:19
MERGED from [com.google.android.gms:play-services-auth:10.2.0] AndroidManifest.xml:19:5-25:19
MERGED from [com.google.firebase:firebase-messaging:10.2.0] AndroidManifest.xml:19:5-29:19
MERGED from [com.google.firebase:firebase-messaging:10.2.0] AndroidManifest.xml:19:5-29:19
MERGED from [com.google.firebase:firebase-auth:10.2.0] AndroidManifest.xml:19:5-20:19
MERGED from [com.google.firebase:firebase-auth:10.2.0] AndroidManifest.xml:19:5-20:19
MERGED from [com.google.android.gms:play-services-location:10.2.0] AndroidManifest.xml:4:5-19
MERGED from [com.google.android.gms:play-services-location:10.2.0] AndroidManifest.xml:4:5-19
MERGED from [com.google.android.gms:play-services-iid:10.2.0] AndroidManifest.xml:23:5-19
MERGED from [com.google.android.gms:play-services-iid:10.2.0] AndroidManifest.xml:23:5-19
MERGED from [com.google.android.gms:play-services-base:10.2.0] AndroidManifest.xml:18:5-20:19
MERGED from [com.google.android.gms:play-services-base:10.2.0] AndroidManifest.xml:18:5-20:19
MERGED from [com.google.firebase:firebase-core:10.2.0] AndroidManifest.xml:5:5-20
MERGED from [com.google.firebase:firebase-core:10.2.0] AndroidManifest.xml:5:5-20
MERGED from [com.google.firebase:firebase-analytics:10.2.0] AndroidManifest.xml:24:5-33:19
MERGED from [com.google.firebase:firebase-analytics:10.2.0] AndroidManifest.xml:24:5-33:19
MERGED from [com.google.firebase:firebase-analytics-impl:10.2.0] AndroidManifest.xml:24:5-28:19
MERGED from [com.google.firebase:firebase-analytics-impl:10.2.0] AndroidManifest.xml:24:5-28:19
MERGED from [com.google.firebase:firebase-iid:10.2.0] AndroidManifest.xml:28:5-50:19
MERGED from [com.google.firebase:firebase-iid:10.2.0] AndroidManifest.xml:28:5-50:19
MERGED from [com.google.firebase:firebase-common:10.2.0] AndroidManifest.xml:4:5-7:19
MERGED from [com.google.firebase:firebase-common:10.2.0] AndroidManifest.xml:4:5-7:19
MERGED from [com.google.android.gms:play-services-tasks:10.2.0] AndroidManifest.xml:4:5-19
MERGED from [com.google.android.gms:play-services-tasks:10.2.0] AndroidManifest.xml:4:5-19
MERGED from [com.google.android.gms:play-services-basement:10.2.0] AndroidManifest.xml:19:5-21:19
MERGED from [com.google.android.gms:play-services-basement:10.2.0] AndroidManifest.xml:19:5-21:19
MERGED from [com.android.support:support-v4:25.3.1] AndroidManifest.xml:29:5-20
MERGED from [com.android.support:support-v4:25.3.1] AndroidManifest.xml:29:5-20
MERGED from [com.android.support:cardview-v7:24.2.1] AndroidManifest.xml:22:5-20
MERGED from [com.android.support:cardview-v7:24.2.1] AndroidManifest.xml:22:5-20
MERGED from [de.hdodenhof:circleimageview:2.1.0] AndroidManifest.xml:9:5-20
MERGED from [de.hdodenhof:circleimageview:2.1.0] AndroidManifest.xml:9:5-20
MERGED from [com.github.gcacace:signature-pad:1.2.0] AndroidManifest.xml:11:5-20
MERGED from [com.github.gcacace:signature-pad:1.2.0] AndroidManifest.xml:11:5-20
MERGED from [com.github.d-max:spots-dialog:0.4] AndroidManifest.xml:12:5-20
MERGED from [com.github.d-max:spots-dialog:0.4] AndroidManifest.xml:12:5-20
MERGED from [com.google.maps.android:android-maps-utils:0.4.4] AndroidManifest.xml:7:5-11:19
MERGED from [com.google.maps.android:android-maps-utils:0.4.4] AndroidManifest.xml:7:5-11:19
MERGED from [com.android.support.constraint:constraint-layout:1.0.2] AndroidManifest.xml:9:5-20
MERGED from [com.android.support.constraint:constraint-layout:1.0.2] AndroidManifest.xml:9:5-20
MERGED from [com.android.support:animated-vector-drawable:25.3.1] AndroidManifest.xml:26:5-20
MERGED from [com.android.support:animated-vector-drawable:25.3.1] AndroidManifest.xml:26:5-20
MERGED from [com.android.support:support-vector-drawable:25.3.1] AndroidManifest.xml:26:5-20
MERGED from [com.android.support:support-vector-drawable:25.3.1] AndroidManifest.xml:26:5-20
MERGED from [com.android.support:support-fragment:25.3.1] AndroidManifest.xml:29:5-20
MERGED from [com.android.support:support-fragment:25.3.1] AndroidManifest.xml:29:5-20
MERGED from [com.android.support:support-media-compat:25.3.1] AndroidManifest.xml:29:5-20
MERGED from [com.android.support:support-media-compat:25.3.1] AndroidManifest.xml:29:5-20
MERGED from [com.android.support:support-core-utils:25.3.1] AndroidManifest.xml:29:5-20
MERGED from [com.android.support:support-core-utils:25.3.1] AndroidManifest.xml:29:5-20
MERGED from [com.android.support:support-core-ui:25.3.1] AndroidManifest.xml:29:5-20
MERGED from [com.android.support:support-core-ui:25.3.1] AndroidManifest.xml:29:5-20
MERGED from [com.android.support:support-compat:25.3.1] AndroidManifest.xml:29:5-20
MERGED from [com.android.support:support-compat:25.3.1] AndroidManifest.xml:29:5-20
	android:supportsRtl
		ADDED from src\main\AndroidManifest.xml:32:9-35
	android:label
		ADDED from src\main\AndroidManifest.xml:30:9-41
	android:hardwareAccelerated
		ADDED from src\main\AndroidManifest.xml:28:9-44
	android:largeHeap
		ADDED from src\main\AndroidManifest.xml:31:9-33
	android:icon
		ADDED from src\main\AndroidManifest.xml:29:9-45
	android:allowBackup
		ADDED from src\main\AndroidManifest.xml:27:9-35
	android:theme
		ADDED from src\main\AndroidManifest.xml:33:9-40
	android:name
		ADDED from src\main\AndroidManifest.xml:26:9-38
meta-data#com.google.android.gms.version
ADDED from src\main\AndroidManifest.xml:34:9-36:69
MERGED from [com.google.android.gms:play-services-basement:10.2.0] AndroidManifest.xml:20:9-121
MERGED from [com.google.android.gms:play-services-basement:10.2.0] AndroidManifest.xml:20:9-121
MERGED from [com.google.maps.android:android-maps-utils:0.4.4] AndroidManifest.xml:8:9-10:69
MERGED from [com.google.maps.android:android-maps-utils:0.4.4] AndroidManifest.xml:8:9-10:69
	android:value
		ADDED from src\main\AndroidManifest.xml:36:13-66
	android:name
		ADDED from src\main\AndroidManifest.xml:35:13-58
activity#com.mtaj.mtaj_08.cableplus_new.LoginActivity
ADDED from src\main\AndroidManifest.xml:38:9-43:55
	android:screenOrientation
		ADDED from src\main\AndroidManifest.xml:41:13-49
	android:hardwareAccelerated
		ADDED from src\main\AndroidManifest.xml:40:13-47
	android:windowSoftInputMode
		ADDED from src\main\AndroidManifest.xml:43:13-52
	android:theme
		ADDED from src\main\AndroidManifest.xml:42:13-44
	android:name
		ADDED from src\main\AndroidManifest.xml:39:13-42
activity#com.mtaj.mtaj_08.cableplus_new.DashBoard
ADDED from src\main\AndroidManifest.xml:45:9-49:55
	android:screenOrientation
		ADDED from src\main\AndroidManifest.xml:48:13-49
	android:label
		ADDED from src\main\AndroidManifest.xml:47:13-62
	android:windowSoftInputMode
		ADDED from src\main\AndroidManifest.xml:49:13-52
	android:name
		ADDED from src\main\AndroidManifest.xml:46:13-38
activity#com.mtaj.mtaj_08.cableplus_new.CustomerListActivity
ADDED from src\main\AndroidManifest.xml:50:9-58:20
	android:screenOrientation
		ADDED from src\main\AndroidManifest.xml:53:13-49
	android:parentActivityName
		ADDED from src\main\AndroidManifest.xml:52:13-52
	android:windowSoftInputMode
		ADDED from src\main\AndroidManifest.xml:54:13-70
	android:name
		ADDED from src\main\AndroidManifest.xml:51:13-49
meta-data#android.app.searchable
ADDED from src\main\AndroidManifest.xml:55:13-57:54
	android:resource
		ADDED from src\main\AndroidManifest.xml:57:17-51
	android:name
		ADDED from src\main\AndroidManifest.xml:56:17-54
activity#com.mtaj.mtaj_08.cableplus_new.CustomerDetails
ADDED from src\main\AndroidManifest.xml:59:9-66:20
	android:screenOrientation
		ADDED from src\main\AndroidManifest.xml:61:13-49
	android:windowSoftInputMode
		ADDED from src\main\AndroidManifest.xml:62:13-70
	android:name
		ADDED from src\main\AndroidManifest.xml:60:13-44
meta-data#android.support.PARENT_ACTIVITY
ADDED from src\main\AndroidManifest.xml:63:13-65:87
	android:value
		ADDED from src\main\AndroidManifest.xml:65:17-84
	android:name
		ADDED from src\main\AndroidManifest.xml:64:17-63
activity#com.mtaj.mtaj_08.cableplus_new.TransactionStatusActivity
ADDED from src\main\AndroidManifest.xml:67:9-70:59
	android:screenOrientation
		ADDED from src\main\AndroidManifest.xml:69:13-49
	android:theme
		ADDED from src\main\AndroidManifest.xml:70:13-56
	android:name
		ADDED from src\main\AndroidManifest.xml:68:13-54
activity#com.mtaj.mtaj_08.cableplus_new.CustomerSignatureActivity
ADDED from src\main\AndroidManifest.xml:71:9-77:20
	android:screenOrientation
		ADDED from src\main\AndroidManifest.xml:73:13-49
	android:name
		ADDED from src\main\AndroidManifest.xml:72:13-54
activity#com.mtaj.mtaj_08.cableplus_new.Collection_Area_Activity
ADDED from src\main\AndroidManifest.xml:78:9-84:20
	android:screenOrientation
		ADDED from src\main\AndroidManifest.xml:80:13-49
	android:name
		ADDED from src\main\AndroidManifest.xml:79:13-53
activity#com.mtaj.mtaj_08.cableplus_new.activity_collection_customerdetail
ADDED from src\main\AndroidManifest.xml:85:9-95:20
	android:screenOrientation
		ADDED from src\main\AndroidManifest.xml:87:13-49
	android:windowSoftInputMode
		ADDED from src\main\AndroidManifest.xml:88:13-70
	android:name
		ADDED from src\main\AndroidManifest.xml:86:13-63
activity#com.mtaj.mtaj_08.cableplus_new.ComplainDetails
ADDED from src\main\AndroidManifest.xml:96:9-102:20
	android:screenOrientation
		ADDED from src\main\AndroidManifest.xml:98:13-49
	android:name
		ADDED from src\main\AndroidManifest.xml:97:13-44
activity#com.mtaj.mtaj_08.cableplus_new.SearchWithCustomerListInComplains
ADDED from src\main\AndroidManifest.xml:103:9-112:20
	android:screenOrientation
		ADDED from src\main\AndroidManifest.xml:105:13-49
	android:name
		ADDED from src\main\AndroidManifest.xml:104:13-62
activity#com.mtaj.mtaj_08.cableplus_new.ComplainListviaCustomerActivity
ADDED from src\main\AndroidManifest.xml:113:9-119:20
	android:screenOrientation
		ADDED from src\main\AndroidManifest.xml:115:13-49
	android:name
		ADDED from src\main\AndroidManifest.xml:114:13-60
activity#com.mtaj.mtaj_08.cableplus_new.AreaListInCustomers
ADDED from src\main\AndroidManifest.xml:120:9-126:20
	android:screenOrientation
		ADDED from src\main\AndroidManifest.xml:122:13-49
	android:name
		ADDED from src\main\AndroidManifest.xml:121:13-48
activity#com.mtaj.mtaj_08.cableplus_new.CustomerMasterDetailsActivity
ADDED from src\main\AndroidManifest.xml:127:9-134:20
	android:screenOrientation
		ADDED from src\main\AndroidManifest.xml:129:13-49
	android:windowSoftInputMode
		ADDED from src\main\AndroidManifest.xml:130:13-52
	android:name
		ADDED from src\main\AndroidManifest.xml:128:13-58
activity#com.mtaj.mtaj_08.cableplus_new.Sms_log
ADDED from src\main\AndroidManifest.xml:135:9-141:20
	android:screenOrientation
		ADDED from src\main\AndroidManifest.xml:137:13-49
	android:name
		ADDED from src\main\AndroidManifest.xml:136:13-36
activity#com.mtaj.mtaj_08.cableplus_new.Bill_details
ADDED from src\main\AndroidManifest.xml:142:9-148:20
	android:screenOrientation
		ADDED from src\main\AndroidManifest.xml:144:13-49
	android:name
		ADDED from src\main\AndroidManifest.xml:143:13-41
activity#com.mtaj.mtaj_08.cableplus_new.PackageDetails
ADDED from src\main\AndroidManifest.xml:149:9-155:20
	android:screenOrientation
		ADDED from src\main\AndroidManifest.xml:151:13-49
	android:name
		ADDED from src\main\AndroidManifest.xml:150:13-43
activity#com.mtaj.mtaj_08.cableplus_new.Contact_details
ADDED from src\main\AndroidManifest.xml:156:9-162:20
	android:screenOrientation
		ADDED from src\main\AndroidManifest.xml:158:13-49
	android:name
		ADDED from src\main\AndroidManifest.xml:157:13-44
activity#com.mtaj.mtaj_08.cableplus_new.Payment_details
ADDED from src\main\AndroidManifest.xml:163:9-169:20
	android:screenOrientation
		ADDED from src\main\AndroidManifest.xml:165:13-49
	android:name
		ADDED from src\main\AndroidManifest.xml:164:13-44
receiver#com.mtaj.mtaj_08.cableplus_new.ConnectivityReceiver
ADDED from src\main\AndroidManifest.xml:171:9-177:20
	android:enabled
		ADDED from src\main\AndroidManifest.xml:173:13-35
	android:name
		ADDED from src\main\AndroidManifest.xml:172:13-49
intent-filter#android.net.conn.CONNECTIVITY_CHANGE
ADDED from src\main\AndroidManifest.xml:174:13-176:29
action#android.net.conn.CONNECTIVITY_CHANGE
ADDED from src\main\AndroidManifest.xml:175:17-79
	android:name
		ADDED from src\main\AndroidManifest.xml:175:25-76
receiver#com.mtaj.mtaj_08.cableplus_new.ScreenReceiver
ADDED from src\main\AndroidManifest.xml:178:9-180:38
	android:enabled
		ADDED from src\main\AndroidManifest.xml:180:13-35
	android:name
		ADDED from src\main\AndroidManifest.xml:179:13-43
service#com.mtaj.mtaj_08.cableplus_new.TestLocationService
ADDED from src\main\AndroidManifest.xml:188:9-190:55
	android:process
		ADDED from src\main\AndroidManifest.xml:190:13-52
	android:name
		ADDED from src\main\AndroidManifest.xml:189:13-48
protected-broadcast
ADDED from src\main\AndroidManifest.xml:203:9-83
	android:name
		ADDED from src\main\AndroidManifest.xml:203:30-80
activity#com.mtaj.mtaj_08.cableplus_new.NoConnectionActivity
ADDED from src\main\AndroidManifest.xml:205:9-207:52
	android:screenOrientation
		ADDED from src\main\AndroidManifest.xml:207:13-49
	android:name
		ADDED from src\main\AndroidManifest.xml:206:13-49
activity#com.mtaj.mtaj_08.cableplus_new.AddCustomer_1
ADDED from src\main\AndroidManifest.xml:208:9-215:20
	android:screenOrientation
		ADDED from src\main\AndroidManifest.xml:210:13-49
	android:windowSoftInputMode
		ADDED from src\main\AndroidManifest.xml:211:13-52
	android:name
		ADDED from src\main\AndroidManifest.xml:209:13-42
activity#com.mtaj.mtaj_08.cableplus_new.AddCustomer_2
ADDED from src\main\AndroidManifest.xml:216:9-222:20
	android:screenOrientation
		ADDED from src\main\AndroidManifest.xml:218:13-49
	android:name
		ADDED from src\main\AndroidManifest.xml:217:13-42
activity#com.mtaj.mtaj_08.cableplus_new.AddCustomer_4
ADDED from src\main\AndroidManifest.xml:223:9-230:20
	android:screenOrientation
		ADDED from src\main\AndroidManifest.xml:225:13-49
	android:windowSoftInputMode
		ADDED from src\main\AndroidManifest.xml:226:13-52
	android:name
		ADDED from src\main\AndroidManifest.xml:224:13-42
activity#com.mtaj.mtaj_08.cableplus_new.AddCustomer_3
ADDED from src\main\AndroidManifest.xml:231:9-237:20
	android:screenOrientation
		ADDED from src\main\AndroidManifest.xml:233:13-49
	android:name
		ADDED from src\main\AndroidManifest.xml:232:13-42
activity#com.mtaj.mtaj_08.cableplus_new.Remider_details
ADDED from src\main\AndroidManifest.xml:238:9-244:20
	android:screenOrientation
		ADDED from src\main\AndroidManifest.xml:240:13-49
	android:name
		ADDED from src\main\AndroidManifest.xml:239:13-44
activity#com.mtaj.mtaj_08.cableplus_new.Attachment_details
ADDED from src\main\AndroidManifest.xml:245:9-251:20
	android:screenOrientation
		ADDED from src\main\AndroidManifest.xml:247:13-49
	android:name
		ADDED from src\main\AndroidManifest.xml:246:13-47
meta-data#com.google.android.geo.API_KEY
ADDED from src\main\AndroidManifest.xml:270:9-272:55
	android:value
		ADDED from src\main\AndroidManifest.xml:272:13-52
	android:name
		ADDED from src\main\AndroidManifest.xml:271:13-58
activity#com.mtaj.mtaj_08.cableplus_new.MapsActivity
ADDED from src\main\AndroidManifest.xml:274:9-281:20
	android:screenOrientation
		ADDED from src\main\AndroidManifest.xml:277:13-49
	android:label
		ADDED from src\main\AndroidManifest.xml:276:13-56
	android:name
		ADDED from src\main\AndroidManifest.xml:275:13-41
activity#com.mtaj.mtaj_08.cableplus_new.FullImageActivity
ADDED from src\main\AndroidManifest.xml:282:9-55
	android:name
		ADDED from src\main\AndroidManifest.xml:282:19-52
service#com.mtaj.mtaj_08.cableplus_new.MyFirebaseMessagingService
ADDED from src\main\AndroidManifest.xml:318:9-322:19
	android:name
		ADDED from src\main\AndroidManifest.xml:318:18-60
intent-filter#com.google.firebase.MESSAGING_EVENT
ADDED from src\main\AndroidManifest.xml:319:13-321:29
action#com.google.firebase.MESSAGING_EVENT
ADDED from src\main\AndroidManifest.xml:320:17-78
	android:name
		ADDED from src\main\AndroidManifest.xml:320:25-75
service#com.mtaj.mtaj_08.cableplus_new.MyFirebaseInstanceIDService
ADDED from src\main\AndroidManifest.xml:323:9-327:19
	android:name
		ADDED from src\main\AndroidManifest.xml:323:18-61
intent-filter#com.google.firebase.INSTANCE_ID_EVENT
ADDED from src\main\AndroidManifest.xml:324:13-326:29
action#com.google.firebase.INSTANCE_ID_EVENT
ADDED from src\main\AndroidManifest.xml:325:17-80
	android:name
		ADDED from src\main\AndroidManifest.xml:325:25-77
activity#com.mtaj.mtaj_08.cableplus_new.Comments_List_Activity
ADDED from src\main\AndroidManifest.xml:329:9-335:39
	android:screenOrientation
		ADDED from src\main\AndroidManifest.xml:334:13-49
	android:excludeFromRecents
		ADDED from src\main\AndroidManifest.xml:332:13-46
	android:launchMode
		ADDED from src\main\AndroidManifest.xml:333:13-44
	android:allowTaskReparenting
		ADDED from src\main\AndroidManifest.xml:331:13-48
	android:taskAffinity
		ADDED from src\main\AndroidManifest.xml:335:13-36
	android:name
		ADDED from src\main\AndroidManifest.xml:330:13-51
activity#com.mtaj.mtaj_08.cableplus_new.ReminderListActivity
ADDED from src\main\AndroidManifest.xml:336:9-58
	android:name
		ADDED from src\main\AndroidManifest.xml:336:19-55
activity#com.mtaj.mtaj_08.cableplus_new.AlertListActivity
ADDED from src\main\AndroidManifest.xml:337:9-55
	android:name
		ADDED from src\main\AndroidManifest.xml:337:19-52
activity#com.mtaj.mtaj_08.cableplus_new.SyncData
ADDED from src\main\AndroidManifest.xml:338:9-46
	android:name
		ADDED from src\main\AndroidManifest.xml:338:19-43
activity#com.mtaj.mtaj_08.cableplus_new.CustomerDetail_Offline
ADDED from src\main\AndroidManifest.xml:339:9-342:73
	android:screenOrientation
		ADDED from src\main\AndroidManifest.xml:341:13-49
	android:windowSoftInputMode
		ADDED from src\main\AndroidManifest.xml:342:13-70
	android:name
		ADDED from src\main\AndroidManifest.xml:340:13-51
receiver#com.mtaj.mtaj_08.cableplus_new.NetworkChangeReceiver
ADDED from src\main\AndroidManifest.xml:344:9-351:20